depth: 1
n_qubits: 2
n_param: 3
lr: 1.5
iters: 3000

A: (norm=1.158, κ=97.22, shape=(4, 4))
[[ 0.1709  0.4272 -1.1107  0.    ]
 [ 0.2563 -0.7689  0.2563  0.    ]
 [-0.4272  0.5126  0.6835  0.    ]
 [ 0.      0.      0.      0.0854]]
|b>: (norm=1, shape=(4, 1))
[[ 0.8544]
 [ 0.    ]
 [-0.5126]
 [ 0.0854]]
|x>: (norm=1, shape=(4, 1))
[[0.8969]
 [0.3737]
 [0.2242]
 [0.0747]]

H_A: (norm=1.202, κ=5.421e+16, shape=(4, 4))
[[ 1.4420e-01 -3.8040e-01  5.8100e-02 -2.7000e-03]
 [-3.8040e-01  1.0261e+00 -1.8840e-01 -7.0000e-04]
 [ 5.8100e-02 -1.8840e-01  7.8300e-02  9.5000e-03]
 [-2.7000e-03 -7.0000e-04  9.5000e-03  7.2000e-03]]
[ham] n_terms: 10
(
    0.3139485321540839 * (I(0) @ I(1))
  + -0.18543875539453353 * (I(0) @ X(1))
  + -0.2027012627204432 * (I(0) @ Z(1))
  + 0.028690926527785116 * (X(0) @ I(1))
  + -0.09552986307208691 * (X(0) @ X(1))
  + 0.02943683733816393 * (X(0) @ Z(1))
  + -0.09286589589216257 * (Y(0) @ Y(1))
  + 0.27116521924449877 * (Z(0) @ I(1))
  + -0.19492247855506417 * (Z(0) @ X(1))
  + -0.23823858490063407 * (Z(0) @ Z(1))
)

[0/3000] loss: 0.008481037835099299
[100/3000] loss: 8.935606706592924e-05
[200/3000] loss: 7.911021283585398e-07
[300/3000] loss: 1.8208906530029706e-08
[400/3000] loss: 4.4508509529602967e-10
[500/3000] loss: 1.0960433037080663e-11
[600/3000] loss: 2.701946830539405e-13
[700/3000] loss: 6.639872466179367e-15
[800/3000] loss: 1.0775796913476195e-16
[900/3000] loss: -2.1880779118863008e-17
[1000/3000] loss: -6.602636068034744e-17
[1100/3000] loss: -3.1115773677777193e-17
[1200/3000] loss: -5.627208423840217e-17
[1300/3000] loss: 2.5932013833213625e-19
[1400/3000] loss: -5.990260590313172e-17
[1500/3000] loss: -8.816833773823123e-18
[1600/3000] loss: -3.05995995710885e-17
[1700/3000] loss: -4.4343487514065825e-17
[1800/3000] loss: -5.705010089529013e-17
[1900/3000] loss: -2.4635270841148023e-17
[2000/3000] loss: -2.4635270841147986e-17
[2100/3000] loss: -5.419759585052567e-17
[2200/3000] loss: -6.431102282741798e-17
[2300/3000] loss: -5.497555177182503e-17
[2400/3000] loss: -6.379238554655174e-17
[2500/3000] loss: -6.016192458048779e-17
[2600/3000] loss: -7.390581252344406e-17
[2700/3000] loss: -8.142605309600503e-17
[2800/3000] loss: -9.335471055592947e-18
[2900/3000] loss: -3.1636874132842687e-17
final loss: -5.471623313139193e-17
final param: [0.78201185 0.0475831  0.44237422]

0: ──RY(0.78)─╭●──RY(0.05)─╭X──RY(0.44)─┤ ╭<𝓗>
1: ───────────╰X───────────╰●───────────┤ ╰<𝓗>
>> save loss curve to: C:\Workspace\@Contest\2024.06.13 2024第三届“量旋杯”大湾区量子计算挑战营\log\run_VALA.png

[RY(tensor(0.78201185, requires_grad=True), wires=[0]),
 CNOT(wires=[0, 1]),
 RY(tensor(0.0475831, requires_grad=True), wires=[0]),
 CNOT(wires=[1, 0]),
 RY(tensor(0.44237422, requires_grad=True), wires=[0]),
 state(wires=[])]
>> export QASM to: C:\Workspace\@Contest\2024.06.13 2024第三届“量旋杯”大湾区量子计算挑战营\log\run_VALA.qasm

|\tilde{x}>: [0.89692211 0.37371755 0.22423053 0.07474351]
fid: 1.0
x: [12.  5.  3.]
L1 err: 1.7970810025265868e-13

|\tilde{x_q}>: [0.89537702 0.37690848 0.22509998 0.07463243]
fid: 0.9999933311799726
x_q: [11.99715705  5.05019686  3.01611471]
L1 err: 0.02305150504088053

